<?xml version="1.0" encoding="UTF-8"?>
<robot generator="Robot 3.2.2 (Python 3.7.8 on win32)" generated="20201229 17:13:45.356" rpa="false">
<suite id="s1" name="Search result test" source="C:\Users\antho\PycharmProjects\Automation_project1\Test_cases\Search_result_test.robot">
<test id="s1-t1" name="Verify that user can search for product of choice">
<kw name="Open the browser" library="Keyword_Search_result">
<kw name="Open Browser" library="SeleniumLibrary">
<doc>Opens a new browser instance to the given ``url``.</doc>
<arguments>
<arg>http://automationpractice.com/index.php?</arg>
<arg>firefox</arg>
</arguments>
<msg timestamp="20201229 17:13:45.533" level="INFO">Opening browser 'firefox' to base url 'http://automationpractice.com/index.php?'.</msg>
<status status="PASS" starttime="20201229 17:13:45.533" endtime="20201229 17:13:57.130"></status>
</kw>
<kw name="Maximize Browser Window" library="SeleniumLibrary">
<doc>Maximizes current browser window.</doc>
<status status="PASS" starttime="20201229 17:13:57.130" endtime="20201229 17:13:57.403"></status>
</kw>
<status status="PASS" starttime="20201229 17:13:45.532" endtime="20201229 17:13:57.404"></status>
</kw>
<kw name="Click search box" library="Keyword_Search_result">
<kw name="Click Element" library="SeleniumLibrary">
<doc>Click element identified by ``locator``.</doc>
<arguments>
<arg>${click_d_search_box}</arg>
</arguments>
<msg timestamp="20201229 17:13:57.407" level="INFO">Clicking element '//*[@id="search_query_top"]'.</msg>
<status status="PASS" starttime="20201229 17:13:57.406" endtime="20201229 17:13:57.684"></status>
</kw>
<status status="PASS" starttime="20201229 17:13:57.405" endtime="20201229 17:13:57.685"></status>
</kw>
<kw name="Input the search data" library="Keyword_Search_result">
<kw name="Input Text" library="SeleniumLibrary">
<doc>Types the given ``text`` into text field identified by ``locator``.</doc>
<arguments>
<arg>${enter_search_item}</arg>
<arg>Casual dress</arg>
</arguments>
<msg timestamp="20201229 17:13:57.689" level="INFO">Typing text 'Casual dress' into text field 'xpath:/html/body/div/div[1]/header/div[3]/div/div/div[2]/form/button '.</msg>
<kw name="Capture Page Screenshot" library="SeleniumLibrary">
<doc>Takes screenshot of the current page and embeds it into log file.</doc>
<msg timestamp="20201229 17:13:58.037" level="INFO" html="yes">&lt;/td&gt;&lt;/tr&gt;&lt;tr&gt;&lt;td colspan="3"&gt;&lt;a href="selenium-screenshot-2.png"&gt;&lt;img src="selenium-screenshot-2.png" width="800px"&gt;&lt;/a&gt;</msg>
<status status="PASS" starttime="20201229 17:13:57.715" endtime="20201229 17:13:58.037"></status>
</kw>
<msg timestamp="20201229 17:13:58.041" level="FAIL">InvalidElementStateException: Message: Unable to clear element that cannot be edited: &lt;button class="btn btn-default button-search" name="submit_search" type="submit"&gt;
</msg>
<status status="FAIL" starttime="20201229 17:13:57.688" endtime="20201229 17:13:58.041"></status>
</kw>
<status status="FAIL" starttime="20201229 17:13:57.687" endtime="20201229 17:13:58.041"></status>
</kw>
<tags>
<tag>Functionality</tag>
</tags>
<status status="FAIL" starttime="20201229 17:13:45.531" endtime="20201229 17:13:58.042" critical="yes">InvalidElementStateException: Message: Unable to clear element that cannot be edited: &lt;button class="btn btn-default button-search" name="submit_search" type="submit"&gt;
</status>
</test>
<doc>Suite description</doc>
<status status="FAIL" starttime="20201229 17:13:45.358" endtime="20201229 17:13:58.043"></status>
</suite>
<statistics>
<total>
<stat pass="0" fail="1">Critical Tests</stat>
<stat pass="0" fail="1">All Tests</stat>
</total>
<tag>
<stat pass="0" fail="1">Functionality</stat>
</tag>
<suite>
<stat pass="0" fail="1" id="s1" name="Search result test">Search result test</stat>
</suite>
</statistics>
<errors>
</errors>
</robot>
