<?xml version="1.0" encoding="UTF-8"?>
<robot generator="Robot 3.2.2 (Python 3.7.8 on win32)" generated="20201201 23:25:01.955" rpa="false">
<suite id="s1" name="Forgot password" source="C:\Users\antho\PycharmProjects\Automation_project1\Test_cases\Forgot_password.robot">
<test id="s1-t1" name="Verify that user can retrieve forgotten password">
<kw name="Launch browser" library="Keyword_Forgot_password">
<kw name="Open Browser" library="SeleniumLibrary">
<doc>Opens a new browser instance to the given ``url``.</doc>
<arguments>
<arg>http://automationpractice.com/index.php?</arg>
<arg>firefox</arg>
</arguments>
<msg timestamp="20201201 23:25:02.177" level="INFO">Opening browser 'firefox' to base url 'http://automationpractice.com/index.php?'.</msg>
<status status="PASS" starttime="20201201 23:25:02.177" endtime="20201201 23:25:14.642"></status>
</kw>
<kw name="Maximize Browser Window" library="SeleniumLibrary">
<doc>Maximizes current browser window.</doc>
<status status="PASS" starttime="20201201 23:25:14.643" endtime="20201201 23:25:14.954"></status>
</kw>
<status status="PASS" starttime="20201201 23:25:02.177" endtime="20201201 23:25:14.955"></status>
</kw>
<kw name="Click in button to sign in" library="Keyword_Forgot_password">
<kw name="Click Element" library="SeleniumLibrary">
<doc>Click element identified by ``locator``.</doc>
<arguments>
<arg>xpath:/html/body/div/div[1]/header/div[2]/div/div/nav/div[1]/a</arg>
</arguments>
<msg timestamp="20201201 23:25:14.959" level="INFO">Clicking element 'xpath:/html/body/div/div[1]/header/div[2]/div/div/nav/div[1]/a'.</msg>
<status status="PASS" starttime="20201201 23:25:14.958" endtime="20201201 23:25:16.828"></status>
</kw>
<status status="PASS" starttime="20201201 23:25:14.956" endtime="20201201 23:25:16.828"></status>
</kw>
<kw name="Enter your email address" library="Keyword_Forgot_password">
<kw name="Click Element" library="SeleniumLibrary">
<doc>Click element identified by ``locator``.</doc>
<arguments>
<arg>xpath:/html/body/div/div[2]/div/div[3]/div/div/div[2]/form/div/p[1]/a</arg>
</arguments>
<msg timestamp="20201201 23:25:16.829" level="INFO">Clicking element 'xpath:/html/body/div/div[2]/div/div[3]/div/div/div[2]/form/div/p[1]/a'.</msg>
<status status="PASS" starttime="20201201 23:25:16.829" endtime="20201201 23:25:17.862"></status>
</kw>
<kw name="Input Text" library="SeleniumLibrary">
<doc>Types the given ``text`` into text field identified by ``locator``.</doc>
<arguments>
<arg>xpath://*[@id="email"]</arg>
<arg>sonak190uk@yahoo.com</arg>
</arguments>
<msg timestamp="20201201 23:25:17.863" level="INFO">Typing text 'sonak190uk@yahoo.com' into text field 'xpath://*[@id="email"]'.</msg>
<status status="PASS" starttime="20201201 23:25:17.862" endtime="20201201 23:25:17.920"></status>
</kw>
<status status="PASS" starttime="20201201 23:25:16.829" endtime="20201201 23:25:17.920"></status>
</kw>
<kw name="Click forgot password button" library="Keyword_Forgot_password">
<kw name="Click Element" library="SeleniumLibrary">
<doc>Click element identified by ``locator``.</doc>
<arguments>
<arg>xpath:/html/body/div/div[2]/div/div[3]/div/div/form/fieldset/p/button/span</arg>
</arguments>
<msg timestamp="20201201 23:25:17.921" level="INFO">Clicking element 'xpath:/html/body/div/div[2]/div/div[3]/div/div/form/fieldset/p/button/span'.</msg>
<status status="PASS" starttime="20201201 23:25:17.921" endtime="20201201 23:25:18.953"></status>
</kw>
<status status="PASS" starttime="20201201 23:25:17.921" endtime="20201201 23:25:18.953"></status>
</kw>
<kw name="Verification" library="Keyword_Forgot_password">
<kw name="Page Should Contain" library="SeleniumLibrary">
<doc>Verifies that current page contains ``text``.</doc>
<arguments>
<arg>A confirmation email has been sent to your address: sonak190uk@yahoo.com</arg>
</arguments>
<msg timestamp="20201201 23:25:18.980" level="INFO">Current page contains text 'A confirmation email has been sent to your address: sonak190uk@yahoo.com'.</msg>
<status status="PASS" starttime="20201201 23:25:18.955" endtime="20201201 23:25:18.980"></status>
</kw>
<status status="PASS" starttime="20201201 23:25:18.954" endtime="20201201 23:25:18.980"></status>
</kw>
<doc>This test case is to retrieve forgotten password</doc>
<tags>
<tag>Functionality</tag>
</tags>
<status status="PASS" starttime="20201201 23:25:02.176" endtime="20201201 23:25:18.982" critical="yes"></status>
</test>
<doc>Suite description</doc>
<status status="PASS" starttime="20201201 23:25:01.957" endtime="20201201 23:25:18.987"></status>
</suite>
<statistics>
<total>
<stat pass="1" fail="0">Critical Tests</stat>
<stat pass="1" fail="0">All Tests</stat>
</total>
<tag>
<stat pass="1" fail="0">Functionality</stat>
</tag>
<suite>
<stat pass="1" fail="0" id="s1" name="Forgot password">Forgot password</stat>
</suite>
</statistics>
<errors>
</errors>
</robot>
